TN:
SF:app.js
FNF:0
FNH:0
DA:1,1
DA:2,1
DA:3,1
DA:4,1
DA:5,1
DA:6,1
DA:7,1
DA:8,1
DA:9,1
DA:10,1
DA:11,1
DA:12,1
DA:13,1
DA:14,1
DA:15,1
DA:16,1
DA:17,1
DA:18,1
DA:19,1
DA:20,1
DA:21,1
DA:22,0
DA:23,0
DA:24,0
DA:25,1
DA:26,1
DA:27,1
DA:28,1
DA:29,1
DA:30,1
DA:31,1
DA:32,34
DA:33,34
DA:34,34
DA:35,34
DA:36,34
DA:37,34
DA:38,34
DA:39,1
DA:40,1
DA:41,1
DA:42,1
DA:43,1
DA:44,1
DA:45,1
DA:46,1
DA:47,1
DA:48,1
DA:49,1
DA:50,1
DA:51,1
DA:52,1
DA:53,1
DA:54,1
DA:55,1
DA:56,1
DA:57,1
DA:58,1
DA:59,1
DA:60,1
DA:61,1
DA:62,1
DA:63,1
DA:64,1
DA:65,1
DA:66,1
DA:67,1
DA:68,1
DA:69,1
DA:70,1
DA:71,1
DA:72,1
DA:73,1
DA:74,2
DA:75,1
DA:76,1
DA:77,1
DA:78,0
DA:79,0
DA:80,0
DA:81,0
DA:82,1
DA:83,1
DA:84,1
LF:84
LH:77
BRDA:31,0,0,34
BRDA:66,1,0,1
BRDA:73,2,0,2
BRF:3
BRH:3
end_of_record
TN:
SF:config/database.js
FN:3,db
FNF:1
FNH:1
FNDA:2,db
DA:1,1
DA:2,1
DA:3,1
DA:4,2
DA:5,2
DA:6,2
DA:7,2
DA:8,0
DA:9,0
DA:10,2
DA:11,2
DA:12,1
DA:13,1
LF:13
LH:11
BRDA:3,0,0,2
BRDA:5,1,0,2
BRF:2
BRH:2
end_of_record
TN:
SF:controllers/authController.js
FNF:0
FNH:0
DA:1,1
DA:2,1
DA:3,1
DA:4,1
DA:5,1
DA:6,1
DA:7,1
DA:8,1
DA:9,18
DA:10,18
DA:11,18
DA:12,18
DA:13,2
DA:14,2
DA:15,18
DA:16,2
DA:17,2
DA:18,14
DA:19,14
DA:20,14
DA:21,14
DA:22,14
DA:23,14
DA:24,14
DA:25,14
DA:26,14
DA:27,1
DA:28,1
DA:29,1
DA:30,8
DA:31,8
DA:32,8
DA:33,2
DA:34,2
DA:35,6
DA:36,6
DA:37,6
DA:38,8
DA:39,2
DA:40,2
DA:41,4
DA:42,4
DA:43,4
DA:44,8
DA:45,2
DA:46,2
DA:47,2
DA:48,2
DA:49,1
DA:50,1
DA:51,1
DA:52,0
DA:53,0
DA:54,0
DA:55,0
DA:56,0
DA:57,0
DA:58,0
DA:59,0
DA:60,1
DA:61,1
DA:62,1
DA:63,0
DA:64,0
DA:65,0
DA:66,0
DA:67,0
DA:68,0
DA:69,0
DA:70,0
DA:71,0
DA:72,0
DA:73,0
DA:74,0
DA:75,0
DA:76,0
DA:77,0
DA:78,0
DA:79,0
DA:80,0
DA:81,0
DA:82,0
DA:83,0
DA:84,0
DA:85,0
DA:86,0
DA:87,0
DA:88,0
DA:89,0
DA:90,0
DA:91,0
DA:92,0
DA:93,0
DA:94,0
DA:95,1
DA:96,1
DA:97,1
DA:98,0
DA:99,0
DA:100,0
DA:101,0
DA:102,0
DA:103,0
DA:104,0
DA:105,0
DA:106,0
DA:107,0
DA:108,0
DA:109,0
DA:110,0
DA:111,0
DA:112,0
DA:113,0
DA:114,0
DA:115,0
DA:116,0
DA:117,0
LF:117
LH:57
BRDA:8,0,0,18
BRDA:12,1,0,2
BRDA:14,2,0,17
BRDA:14,3,0,16
BRDA:15,4,0,15
BRDA:15,5,0,15
BRDA:15,6,0,16
BRDA:15,7,0,2
BRDA:17,8,0,14
BRDA:29,9,0,8
BRDA:32,10,0,7
BRDA:32,11,0,2
BRDA:34,12,0,6
BRDA:38,13,0,2
BRDA:40,14,0,4
BRDA:44,15,0,2
BRF:16
BRH:16
end_of_record
TN:
SF:controllers/jobsController.js
FNF:0
FNH:0
DA:1,1
DA:2,1
DA:3,1
DA:4,1
DA:5,1
DA:6,1
DA:7,1
DA:8,1
DA:9,1
DA:10,1
DA:11,2
DA:12,2
DA:13,2
DA:14,2
DA:15,2
DA:16,2
DA:17,2
DA:18,2
DA:19,2
DA:20,2
DA:21,1
DA:22,1
DA:23,8
DA:24,8
DA:25,6
DA:26,6
DA:27,6
DA:28,6
DA:29,6
DA:30,6
DA:31,7
DA:32,2
DA:33,2
DA:34,2
DA:35,2
DA:36,2
DA:37,2
DA:38,8
DA:39,1
DA:40,1
DA:41,0
DA:42,0
DA:43,0
DA:44,0
DA:45,0
DA:46,0
DA:47,0
DA:48,0
DA:49,0
DA:50,0
DA:51,0
DA:52,0
DA:53,0
DA:54,0
DA:55,0
DA:56,0
DA:57,0
DA:58,0
DA:59,0
DA:60,0
DA:61,0
DA:62,1
DA:63,1
DA:64,5
DA:65,5
DA:66,2
DA:67,2
DA:68,3
DA:69,5
DA:70,1
DA:71,1
DA:72,2
DA:73,2
DA:74,2
DA:75,2
DA:76,2
DA:77,2
DA:78,2
DA:79,2
DA:80,2
DA:81,2
DA:82,2
DA:83,2
DA:84,1
DA:85,1
DA:86,4
DA:87,4
DA:88,2
DA:89,2
DA:90,2
DA:91,2
DA:92,2
DA:93,4
DA:94,0
DA:95,0
DA:96,0
DA:97,0
DA:98,0
DA:99,0
DA:100,0
DA:101,0
DA:102,0
DA:103,0
DA:104,0
DA:105,0
DA:106,2
DA:107,2
DA:108,2
DA:109,2
DA:110,2
DA:111,2
DA:112,2
DA:113,1
DA:114,1
DA:115,3
DA:116,3
DA:117,1
DA:118,1
DA:119,1
DA:120,1
DA:121,1
DA:122,1
DA:123,1
DA:124,1
DA:125,1
DA:126,1
DA:127,2
DA:128,2
DA:129,1
DA:130,1
DA:131,1
DA:132,1
DA:133,1
DA:134,1
DA:135,1
DA:136,1
DA:137,1
DA:138,1
DA:139,0
DA:140,0
DA:141,0
DA:142,0
DA:143,0
DA:144,0
DA:145,0
DA:146,0
DA:147,0
DA:148,0
DA:149,0
DA:150,0
DA:151,0
DA:152,0
DA:153,0
DA:154,0
DA:155,0
DA:156,0
DA:157,0
DA:158,0
DA:159,0
DA:160,0
DA:161,0
DA:162,0
DA:163,0
DA:164,0
DA:165,0
DA:166,1
DA:167,1
DA:168,1
DA:169,0
DA:170,0
DA:171,0
DA:172,0
DA:173,0
DA:174,0
DA:175,0
DA:176,0
DA:177,0
DA:178,0
DA:179,0
DA:180,0
DA:181,0
DA:182,0
DA:183,0
DA:184,0
DA:185,0
DA:186,0
DA:187,0
DA:188,0
DA:189,0
DA:190,0
DA:191,0
DA:192,0
DA:193,0
DA:194,0
DA:195,0
DA:196,0
DA:197,0
DA:198,0
DA:199,0
DA:200,0
DA:201,0
DA:202,0
DA:203,0
DA:204,0
DA:205,0
DA:206,0
DA:207,0
DA:208,0
DA:209,0
DA:210,0
DA:211,0
DA:212,0
LF:212
LH:108
BRDA:10,0,0,2
BRDA:22,1,0,8
BRDA:24,2,0,7
BRDA:24,3,0,6
BRDA:31,4,0,2
BRDA:63,5,0,5
BRDA:65,6,0,4
BRDA:65,7,0,2
BRDA:67,8,0,3
BRDA:69,9,0,2
BRDA:69,10,0,3
BRDA:69,11,0,1
BRDA:71,12,0,2
BRDA:85,13,0,4
BRDA:87,14,0,2
BRDA:93,15,0,0
BRDA:105,16,0,2
BRDA:114,17,0,3
BRDA:115,18,0,2
BRDA:116,19,0,1
BRDA:126,20,0,2
BRDA:128,21,0,1
BRDA:128,22,0,1
BRF:23
BRH:22
end_of_record
TN:
SF:controllers/userController.js
FN:151,deleteUserData
FNF:1
FNH:0
FNDA:0,deleteUserData
DA:1,1
DA:2,1
DA:3,1
DA:4,1
DA:5,1
DA:6,1
DA:7,1
DA:8,1
DA:9,1
DA:10,0
DA:11,0
DA:12,0
DA:13,0
DA:14,0
DA:15,0
DA:16,0
DA:17,0
DA:18,0
DA:19,0
DA:20,1
DA:21,1
DA:22,1
DA:23,0
DA:24,0
DA:25,0
DA:26,0
DA:27,0
DA:28,0
DA:29,0
DA:30,0
DA:31,0
DA:32,0
DA:33,0
DA:34,0
DA:35,0
DA:36,0
DA:37,0
DA:38,0
DA:39,1
DA:40,1
DA:41,0
DA:42,0
DA:43,0
DA:44,0
DA:45,0
DA:46,0
DA:47,0
DA:48,0
DA:49,0
DA:50,0
DA:51,0
DA:52,0
DA:53,0
DA:54,0
DA:55,0
DA:56,1
DA:57,1
DA:58,1
DA:59,1
DA:60,0
DA:61,0
DA:62,0
DA:63,0
DA:64,0
DA:65,0
DA:66,0
DA:67,0
DA:68,0
DA:69,0
DA:70,0
DA:71,0
DA:72,0
DA:73,0
DA:74,0
DA:75,0
DA:76,0
DA:77,0
DA:78,0
DA:79,1
DA:80,1
DA:81,1
DA:82,0
DA:83,0
DA:84,0
DA:85,0
DA:86,0
DA:87,0
DA:88,0
DA:89,0
DA:90,0
DA:91,0
DA:92,0
DA:93,0
DA:94,0
DA:95,0
DA:96,0
DA:97,0
DA:98,0
DA:99,0
DA:100,0
DA:101,0
DA:102,0
DA:103,1
DA:104,1
DA:105,1
DA:106,0
DA:107,0
DA:108,0
DA:109,0
DA:110,0
DA:111,0
DA:112,0
DA:113,0
DA:114,1
DA:115,1
DA:116,1
DA:117,0
DA:118,0
DA:119,0
DA:120,0
DA:121,0
DA:122,0
DA:123,0
DA:124,0
DA:125,0
DA:126,0
DA:127,0
DA:128,0
DA:129,0
DA:130,1
DA:131,1
DA:132,1
DA:133,0
DA:134,0
DA:135,0
DA:136,0
DA:137,0
DA:138,0
DA:139,0
DA:140,0
DA:141,0
DA:142,0
DA:143,0
DA:144,0
DA:145,0
DA:146,0
DA:147,0
DA:148,0
DA:149,0
DA:150,1
DA:151,0
DA:152,0
DA:153,0
DA:154,0
DA:155,0
DA:156,0
DA:157,0
DA:158,0
DA:159,0
DA:160,0
DA:161,0
DA:162,0
DA:163,0
DA:164,0
DA:165,0
DA:166,0
DA:167,0
DA:168,0
DA:169,0
DA:170,0
DA:171,0
DA:172,0
DA:173,0
LF:173
LH:31
BRF:0
BRH:0
end_of_record
TN:
SF:e2e_test_helpers/db-hander.js
FN:9,module.exports.connect
FN:25,module.exports.closeDatabase
FN:36,module.exports.clearDatabase
FN:44,module.exports.getModel
FNF:4
FNH:3
FNDA:2,module.exports.connect
FNDA:2,module.exports.closeDatabase
FNDA:18,module.exports.clearDatabase
FNDA:0,module.exports.getModel
DA:1,1
DA:2,1
DA:3,1
DA:4,1
DA:5,1
DA:6,1
DA:7,1
DA:8,1
DA:9,1
DA:10,2
DA:11,2
DA:12,2
DA:13,2
DA:14,0
DA:15,0
DA:16,0
DA:17,0
DA:18,0
DA:19,0
DA:20,2
DA:21,1
DA:22,1
DA:23,1
DA:24,1
DA:25,1
DA:26,2
DA:27,0
DA:28,0
DA:29,0
DA:30,0
DA:31,2
DA:32,1
DA:33,1
DA:34,1
DA:35,1
DA:36,1
DA:37,18
DA:38,18
DA:39,36
DA:40,36
DA:41,36
DA:42,18
DA:43,1
DA:44,1
DA:45,0
DA:46,0
LF:46
LH:34
BRDA:9,0,0,2
BRDA:13,1,0,0
BRDA:25,2,0,2
BRDA:26,3,0,0
BRDA:36,4,0,18
BRDA:38,5,0,36
BRF:6
BRH:4
end_of_record
TN:
SF:middleware/auth.js
FN:27,exports.authorizeRoles
FNF:1
FNH:1
FNDA:16,exports.authorizeRoles
DA:1,1
DA:2,1
DA:3,1
DA:4,1
DA:5,1
DA:6,1
DA:7,13
DA:8,13
DA:9,1
DA:10,1
DA:11,12
DA:12,13
DA:13,12
DA:14,12
DA:15,12
DA:16,13
DA:17,1
DA:18,1
DA:19,11
DA:20,11
DA:21,11
DA:22,11
DA:23,11
DA:24,11
DA:25,1
DA:26,1
DA:27,1
DA:28,16
DA:29,10
DA:30,10
DA:31,0
DA:32,0
DA:33,10
DA:34,16
DA:35,16
LF:35
LH:33
BRDA:6,0,0,13
BRDA:8,1,0,12
BRDA:8,2,0,1
BRDA:10,3,0,12
BRDA:12,4,0,12
BRDA:16,5,0,11
BRDA:16,6,0,1
BRDA:27,7,0,16
BRDA:28,8,0,10
BRDA:30,9,0,0
BRF:10
BRH:9
end_of_record
TN:
SF:middleware/catchAsyncErrors.js
FN:1,module.exports
FNF:1
FNH:1
FNDA:61,module.exports
DA:1,1
LF:1
LH:1
BRDA:1,0,0,61
BRDA:1,1,0,63
BRF:2
BRH:2
end_of_record
TN:
SF:middleware/error.js
FN:3,module.exports
FNF:1
FNH:1
FNDA:10,module.exports
DA:1,1
DA:2,1
DA:3,1
DA:4,10
DA:5,10
DA:6,10
DA:7,0
DA:8,0
DA:9,0
DA:10,0
DA:11,0
DA:12,0
DA:13,10
DA:14,10
DA:15,10
DA:16,1
DA:17,1
DA:18,1
DA:19,10
DA:20,10
DA:21,10
DA:22,0
DA:23,0
DA:24,0
DA:25,10
DA:26,10
DA:27,0
DA:28,0
DA:29,0
DA:30,10
DA:31,10
DA:32,0
DA:33,0
DA:34,0
DA:35,10
DA:36,10
DA:37,0
DA:38,0
DA:39,0
DA:40,10
DA:41,10
DA:42,10
DA:43,10
DA:44,10
DA:45,10
DA:46,10
LF:46
LH:28
BRDA:3,0,0,10
BRDA:4,1,0,1
BRDA:5,2,0,0
BRDA:6,3,0,0
BRDA:15,4,0,1
BRDA:21,5,0,0
BRDA:26,6,0,0
BRDA:31,7,0,0
BRDA:36,8,0,0
BRF:9
BRH:3
end_of_record
TN:
SF:models/jobs.js
FNF:0
FNH:0
DA:1,1
DA:2,1
DA:3,1
DA:4,1
DA:5,1
DA:6,1
DA:7,1
DA:8,1
DA:9,1
DA:10,1
DA:11,1
DA:12,1
DA:13,1
DA:14,1
DA:15,1
DA:16,1
DA:17,1
DA:18,1
DA:19,1
DA:20,1
DA:21,1
DA:22,1
DA:23,1
DA:24,1
DA:25,1
DA:26,1
DA:27,1
DA:28,1
DA:29,1
DA:30,1
DA:31,1
DA:32,1
DA:33,1
DA:34,1
DA:35,1
DA:36,1
DA:37,1
DA:38,1
DA:39,1
DA:40,1
DA:41,1
DA:42,1
DA:43,1
DA:44,1
DA:45,1
DA:46,1
DA:47,1
DA:48,1
DA:49,1
DA:50,1
DA:51,1
DA:52,1
DA:53,1
DA:54,1
DA:55,1
DA:56,1
DA:57,1
DA:58,1
DA:59,1
DA:60,1
DA:61,1
DA:62,1
DA:63,1
DA:64,1
DA:65,1
DA:66,1
DA:67,1
DA:68,1
DA:69,1
DA:70,1
DA:71,1
DA:72,1
DA:73,1
DA:74,1
DA:75,1
DA:76,1
DA:77,1
DA:78,1
DA:79,1
DA:80,1
DA:81,1
DA:82,1
DA:83,1
DA:84,1
DA:85,1
DA:86,1
DA:87,1
DA:88,1
DA:89,1
DA:90,1
DA:91,1
DA:92,1
DA:93,1
DA:94,1
DA:95,1
DA:96,1
DA:97,1
DA:98,1
DA:99,1
DA:100,1
DA:101,1
DA:102,1
DA:103,1
DA:104,1
DA:105,1
DA:106,1
DA:107,1
DA:108,1
DA:109,1
DA:110,1
DA:111,1
DA:112,1
DA:113,1
DA:114,1
DA:115,1
DA:116,5
DA:117,1
DA:118,1
DA:119,1
DA:120,5
DA:121,5
DA:122,5
DA:123,5
DA:124,5
DA:125,5
DA:126,5
DA:127,5
DA:128,5
DA:129,5
DA:130,5
DA:131,5
DA:132,1
DA:133,1
DA:134,1
LF:134
LH:134
BRDA:115,0,0,5
BRDA:119,1,0,5
BRF:2
BRH:2
end_of_record
TN:
SF:models/users.js
FN:54,userSchema.methods.getJwtToken
FN:62,userSchema.methods.isPasswordMatched
FN:66,userSchema.methods.getResetPasswordToken
FNF:3
FNH:2
FNDA:14,userSchema.methods.getJwtToken
FNDA:2,userSchema.methods.isPasswordMatched
FNDA:0,userSchema.methods.getResetPasswordToken
DA:1,1
DA:2,1
DA:3,1
DA:4,1
DA:5,1
DA:6,1
DA:7,1
DA:8,1
DA:9,1
DA:10,1
DA:11,1
DA:12,1
DA:13,1
DA:14,1
DA:15,1
DA:16,1
DA:17,1
DA:18,1
DA:19,1
DA:20,1
DA:21,1
DA:22,1
DA:23,1
DA:24,1
DA:25,1
DA:26,1
DA:27,1
DA:28,1
DA:29,1
DA:30,1
DA:31,1
DA:32,1
DA:33,1
DA:34,1
DA:35,1
DA:36,1
DA:37,1
DA:38,1
DA:39,1
DA:40,1
DA:41,1
DA:42,1
DA:43,1
DA:44,1
DA:45,13
DA:46,0
DA:47,0
DA:48,13
DA:49,13
DA:50,13
DA:51,13
DA:52,1
DA:53,1
DA:54,1
DA:55,14
DA:56,14
DA:57,14
DA:58,14
DA:59,14
DA:60,14
DA:61,1
DA:62,1
DA:63,2
DA:64,2
DA:65,1
DA:66,1
DA:67,0
DA:68,0
DA:69,0
DA:70,0
DA:71,0
DA:72,0
DA:73,0
DA:74,0
DA:75,0
DA:76,0
DA:77,0
DA:78,1
DA:79,1
DA:80,1
DA:81,1
DA:82,1
DA:83,1
DA:84,1
DA:85,1
DA:86,1
DA:87,1
LF:87
LH:74
BRDA:44,0,0,13
BRDA:45,1,0,0
BRDA:54,2,0,14
BRDA:62,3,0,2
BRF:4
BRH:3
end_of_record
TN:
SF:routes/authRouter.js
FNF:0
FNH:0
DA:1,1
DA:2,1
DA:3,1
DA:4,1
DA:5,1
DA:6,1
DA:7,1
DA:8,1
DA:9,1
DA:10,1
DA:11,1
DA:12,1
DA:13,1
DA:14,1
DA:15,1
LF:15
LH:15
BRF:0
BRH:0
end_of_record
TN:
SF:routes/jobRouter.js
FNF:0
FNH:0
DA:1,1
DA:2,1
DA:3,1
DA:4,1
DA:5,1
DA:6,1
DA:7,1
DA:8,1
DA:9,1
DA:10,1
DA:11,1
DA:12,1
DA:13,1
DA:14,1
DA:15,1
DA:16,1
DA:17,1
DA:18,1
DA:19,1
DA:20,1
LF:20
LH:20
BRF:0
BRH:0
end_of_record
TN:
SF:routes/userRouter.js
FNF:0
FNH:0
DA:1,1
DA:2,1
DA:3,1
DA:4,1
DA:5,1
DA:6,1
DA:7,1
DA:8,1
DA:9,1
DA:10,1
DA:11,1
DA:12,1
DA:13,1
DA:14,1
DA:15,1
DA:16,1
DA:17,1
LF:17
LH:17
BRF:0
BRH:0
end_of_record
TN:
SF:utils/apiFilters.js
FN:3,ApiFilters
FN:10,filter
FN:23,sort
FN:33,limitFields
FN:43,searchByQuery
FN:51,paginate
FNF:6
FNH:6
FNDA:2,ApiFilters
FNDA:2,filter
FNDA:2,sort
FNDA:2,limitFields
FNDA:2,searchByQuery
FNDA:2,paginate
DA:1,1
DA:2,1
DA:3,1
DA:4,2
DA:5,2
DA:6,2
DA:7,2
DA:8,2
DA:9,1
DA:10,1
DA:11,2
DA:12,2
DA:13,2
DA:14,2
DA:15,2
DA:16,2
DA:17,2
DA:18,2
DA:19,2
DA:20,2
DA:21,2
DA:22,1
DA:23,1
DA:24,2
DA:25,0
DA:26,0
DA:27,2
DA:28,2
DA:29,2
DA:30,2
DA:31,2
DA:32,1
DA:33,1
DA:34,2
DA:35,0
DA:36,0
DA:37,2
DA:38,2
DA:39,2
DA:40,2
DA:41,2
DA:42,1
DA:43,1
DA:44,2
DA:45,0
DA:46,0
DA:47,0
DA:48,2
DA:49,2
DA:50,1
DA:51,1
DA:52,2
DA:53,2
DA:54,2
DA:55,2
DA:56,2
DA:57,2
DA:58,2
DA:59,1
DA:60,1
DA:61,1
LF:61
LH:54
BRDA:3,0,0,2
BRDA:10,1,0,2
BRDA:13,2,0,10
BRDA:23,3,0,2
BRDA:24,4,0,0
BRDA:33,5,0,2
BRDA:34,6,0,0
BRDA:43,7,0,2
BRDA:44,8,0,0
BRDA:51,9,0,2
BRF:10
BRH:7
end_of_record
TN:
SF:utils/errorHandler.js
FN:2,ErrorHandler
FNF:1
FNH:1
FNDA:21,ErrorHandler
DA:1,1
DA:2,1
DA:3,21
DA:4,21
DA:5,21
DA:6,21
DA:7,21
DA:8,1
DA:9,1
DA:10,1
LF:10
LH:10
BRDA:2,0,0,21
BRF:1
BRH:1
end_of_record
TN:
SF:utils/geocoder.js
FNF:0
FNH:0
DA:1,1
DA:2,1
DA:3,1
DA:4,1
DA:5,1
DA:6,1
DA:7,1
DA:8,1
DA:9,1
DA:10,1
DA:11,1
LF:11
LH:11
BRF:0
BRH:0
end_of_record
TN:
SF:utils/jwtToken.js
FN:8,sendToken
FNF:1
FNH:1
FNDA:17,sendToken
DA:1,1
DA:2,1
DA:3,1
DA:4,1
DA:5,1
DA:6,1
DA:7,1
DA:8,1
DA:9,17
DA:10,17
DA:11,17
DA:12,17
DA:13,17
DA:14,17
DA:15,1
DA:16,1
LF:16
LH:16
BRDA:8,0,0,17
BRF:1
BRH:1
end_of_record
TN:
SF:utils/sendEmail.js
FN:3,sendEmail
FNF:1
FNH:1
FNDA:1,sendEmail
DA:1,1
DA:2,1
DA:3,1
DA:4,1
DA:5,1
DA:6,1
DA:7,1
DA:8,1
DA:9,1
DA:10,1
DA:11,1
DA:12,1
DA:13,1
DA:14,1
DA:15,1
DA:16,1
DA:17,1
DA:18,1
DA:19,1
DA:20,1
DA:21,1
DA:22,1
DA:23,1
DA:24,1
LF:24
LH:24
BRDA:3,0,0,1
BRF:1
BRH:1
end_of_record
